0 info it worked if it ends with ok
1 verbose cli [ '/usr/bin/node', '/usr/bin/npm', 'run', 'build' ]
2 info using npm@3.5.2
3 info using node@v8.10.0
4 verbose run-script [ 'prebuild', 'build', 'postbuild' ]
5 info lifecycle vuejs-tutorials@~prebuild: vuejs-tutorials@
6 silly lifecycle vuejs-tutorials@~prebuild: no script for prebuild, continuing
7 info lifecycle vuejs-tutorials@~build: vuejs-tutorials@
8 verbose lifecycle vuejs-tutorials@~build: unsafe-perm in lifecycle true
9 verbose lifecycle vuejs-tutorials@~build: PATH: /usr/share/npm/bin/node-gyp-bin:/home/vova/Desktop/OLSystem/OLSystem/src/main/webapp/admin-room-page/node_modules/.bin:/home/vova/.local/share/umake/bin:/usr/local/sbin:/usr/local/bin:/usr/sbin:/usr/bin:/sbin:/bin:/usr/games:/usr/local/games:/snap/bin
10 verbose lifecycle vuejs-tutorials@~build: CWD: /home/vova/Desktop/OLSystem/OLSystem/src/main/webapp/admin-room-page
11 silly lifecycle vuejs-tutorials@~build: Args: [ '-c', 'cross-env NODE_ENV=production webpack --watch' ]
12 silly lifecycle vuejs-tutorials@~build: Returned: code: 126  signal: null
13 info lifecycle vuejs-tutorials@~build: Failed to exec build script
14 verbose stack Error: vuejs-tutorials@ build: `cross-env NODE_ENV=production webpack --watch`
14 verbose stack Exit status 126
14 verbose stack     at EventEmitter.<anonymous> (/usr/share/npm/lib/utils/lifecycle.js:232:16)
14 verbose stack     at emitTwo (events.js:126:13)
14 verbose stack     at EventEmitter.emit (events.js:214:7)
14 verbose stack     at ChildProcess.<anonymous> (/usr/share/npm/lib/utils/spawn.js:24:14)
14 verbose stack     at emitTwo (events.js:126:13)
14 verbose stack     at ChildProcess.emit (events.js:214:7)
14 verbose stack     at maybeClose (internal/child_process.js:925:16)
14 verbose stack     at Process.ChildProcess._handle.onexit (internal/child_process.js:209:5)
15 verbose pkgid vuejs-tutorials@
16 verbose cwd /home/vova/Desktop/OLSystem/OLSystem/src/main/webapp/admin-room-page
17 error Linux 4.15.0-20-generic
18 error argv "/usr/bin/node" "/usr/bin/npm" "run" "build"
19 error node v8.10.0
20 error npm  v3.5.2
21 error code ELIFECYCLE
22 error vuejs-tutorials@ build: `cross-env NODE_ENV=production webpack --watch`
22 error Exit status 126
23 error Failed at the vuejs-tutorials@ build script 'cross-env NODE_ENV=production webpack --watch'.
23 error Make sure you have the latest version of node.js and npm installed.
23 error If you do, this is most likely a problem with the vuejs-tutorials package,
23 error not with npm itself.
23 error Tell the author that this fails on your system:
23 error     cross-env NODE_ENV=production webpack --watch
23 error You can get information on how to open an issue for this project with:
23 error     npm bugs vuejs-tutorials
23 error Or if that isn't available, you can get their info via:
23 error     npm owner ls vuejs-tutorials
23 error There is likely additional logging output above.
24 verbose exit [ 1, true ]
